<?xml version="1.0" encoding="UTF-8"?>
<testsuite name="edu.uc.eh.utils.UtilsTransformTest" tests="1" skipped="0" failures="0" errors="0" timestamp="2019-02-01T21:11:46" hostname="linux-zoak" time="0.046">
  <properties/>
  <testcase name="testGctNormalize" classname="edu.uc.eh.utils.UtilsTransformTest" time="0.046"/>
  <system-out><![CDATA[]]></system-out>
  <system-err><![CDATA[]]></system-err>
</testsuite>
