<?xml version="1.0" encoding="UTF-8"?>
<testsuite name="edu.uc.eh.normalize.NormalizerTest" tests="1" skipped="0" failures="0" errors="0" timestamp="2019-02-01T15:02:04" hostname="EH1062.local" time="0.029">
  <properties/>
  <testcase name="testQuantileNormalize" classname="edu.uc.eh.normalize.NormalizerTest" time="0.029"/>
  <system-out><![CDATA[]]></system-out>
  <system-err><![CDATA[]]></system-err>
</testsuite>
