<?xml version="1.0" encoding="UTF-8"?>
<testsuite name="edu.uc.eh.utils.UtilsTransformTest" tests="1" skipped="0" failures="0" errors="0" timestamp="2019-02-01T15:02:04" hostname="EH1062.local" time="0.003">
  <properties/>
  <testcase name="testGctNormalize" classname="edu.uc.eh.utils.UtilsTransformTest" time="0.003"/>
  <system-out><![CDATA[]]></system-out>
  <system-err><![CDATA[]]></system-err>
</testsuite>
